<?xml version="1.0" encoding="UTF-8"?>
<!-- Generated by org.testng.reporters.JUnitReportReporter -->
<testsuite hostname="GopinathKumsi" failures="0" tests="1" name="com.test.Simple" time="17.417" errors="0" timestamp="2020-10-12T14:04:34 IST" skipped="0">
  <testcase classname="com.test.Simple" name="testJar" time="17.417"/>
</testsuite> <!-- com.test.Simple -->
